8 [140210480699328] INFO perfrun.launcher <> - Launcher main begin
9 [140210480699328] INFO perfrun.launcher <> - MessageCatalogInit finished
9 [140210480699328] INFO perfrun.launcher <> - Launcher instance created
9 [140210480699328] INFO perfrun.launcher <> - argc = 7; cmdline = /home/enrique/intel/oneapi/advisor/2022.3.0/bin64/advixe-runss --ui-output-format xml --ui-output-fd 78 --option-file /home/enrique/intel/advixe/projects/lab4Tarea2/e000/hs000/config/runss.options 
55 [140210480699328] INFO perfrun.launcher <> - create msngr2::ICliToolContext
56 [140210480699328] INFO perfrun.launcher <> - create file finder object
56 [140210480699328] INFO perfrun.launcher <> - create a result directory: pattern = /home/enrique/intel/advixe/projects/lab4Tarea2/e000/hs000 pid = 4294967295
58 [140210480699328] INFO perfrun.sdk <> - checked that the directory /home/enrique/intel/advixe/projects/lab4Tarea2/e000/hs000 is a local directory
58 [140210480699328] INFO perfrun.sdk <> - the directory /home/enrique/intel/advixe/projects/lab4Tarea2/e000/hs000 is a local directory with FS type ID 61267
58 [140210480699328] INFO perfrun.launcher <> - create data directory = /home/enrique/intel/advixe/projects/lab4Tarea2/e000/hs000/data.0
58 [140210480699328] INFO perfrun.launcher <> - Creating the master collection flag
61 [140210480699328] INFO perfrun.launcher <> - Done creating the master collection flag
82 [140210471184128] INFO perfrun.launcher <> - plugin [remoteplug] was disabled because it doesn't support the given collection type.
82 [140210471184128] INFO perfrun.sdk <> - Allocating TMU :/home/enrique/intel/advixe/projects/lab4Tarea2/e000/hs000/data.0/systemcollector-10916-enrique-Aspire-A515-54G.sc
82 [140210471184128] INFO perfrun.launcher <> - plugin [] was disabled because it doesn't support the given collection type.
82 [140210471184128] INFO perfrun.launcher <> - plugin [gpu] was disabled because it doesn't support the given collection type.
82 [140210471184128] INFO perfrun.launcher <> - plugin [] was disabled because it doesn't support the given collection type.
82 [140210471184128] INFO perfrun.launcher <> - plugin [] was disabled because it doesn't support the given collection type.
82 [140210471184128] INFO perfrun.launcher <> - plugin [] was disabled because it doesn't support the given collection type.
82 [140210471184128] INFO perfrun.mrte <> - system-wide mode is 0
82 [140210471184128] INFO perfrun.mrte <> - Getting  mrte profiling environment ...
87 [140210471184128] INFO perfrun.mrte <> - INTEL_MRTE_DATA_DIR=/home/enrique/intel/advixe/projects/lab4Tarea2/e000/hs000/data.0
87 [140210471184128] INFO perfrun.mrte <> - INTEL_MRTE_HOST_NAME=enrique-Aspire-A515-54G
87 [140210471184128] INFO perfrun.mrte <> - JAVA_TOOL_OPTIONS=-agentlib:advixe_tpssmrte_javaprof_1.0 -Dsun.boot.library.path=/home/enrique/intel/oneapi/advisor/2022.3.0/lib32/runtime:/home/enrique/intel/oneapi/advisor/2022.3.0/lib64/runtime
87 [140210471184128] INFO perfrun.mrte <> - LD_LIBRARY_PATH=/home/enrique/intel/oneapi/advisor/2022.3.0/lib32/runtime:/home/enrique/intel/oneapi/advisor/2022.3.0/lib64/runtime:/home/enrique/intel/oneapi/vpl/2022.2.0/lib:/home/enrique/intel/oneapi/tbb/2021.7.0/env/../lib/intel64/gcc4.8:/home/enrique/intel/oneapi/mpi/2021.7.0//libfabric/lib:/home/enrique/intel/oneapi/mpi/2021.7.0//lib/release:/home/enrique/intel/oneapi/mpi/2021.7.0//lib:/home/enrique/intel/oneapi/mkl/2022.2.0/lib/intel64:/home/enrique/intel/oneapi/ipp/2021.6.1/lib/intel64:/home/enrique/intel/oneapi/ippcp/2021.6.1/lib/intel64:/home/enrique/intel/oneapi/ipp/2021.6.1/lib/intel64:/home/enrique/intel/oneapi/dnnl/2022.2.0/cpu_dpcpp_gpu_dpcpp/lib:/home/enrique/intel/oneapi/debugger/2021.7.0/gdb/intel64/lib:/home/enrique/intel/oneapi/debugger/2021.7.0/libipt/intel64/lib:/home/enrique/intel/oneapi/debugger/2021.7.0/dep/lib:/home/enrique/intel/oneapi/dal/2021.7.0/lib/intel64:/home/enrique/intel/oneapi/compiler/2022.2.0/linux/lib:/home/enrique/intel/oneapi/compiler/2022.2.0/linux/lib/x64:/home/enrique/intel/oneapi/compiler/2022.2.0/linux/lib/oclfpga/host/linux64/lib:/home/enrique/intel/oneapi/compiler/2022.2.0/linux/compiler/lib/intel64_lin:/home/enrique/intel/oneapi/ccl/2021.7.0/lib/cpu_gpu_dpcpp
87 [140210471184128] INFO perfrun.mrte <> - Data directory: /home/enrique/intel/advixe/projects/lab4Tarea2/e000/hs000/data.0
87 [140210471184128] INFO perfrun.mrte <> - Mrte plugin is initialized
87 [140210471184128] INFO perfrun.launcher <> - plugin [] was disabled because it doesn't support the given collection type.
87 [140210471184128] INFO perfrun.launcher <> - plugin [] was disabled because it doesn't support the given collection type.
87 [140210471184128] INFO perfrun.launcher <> - plugin [] was disabled because it doesn't support the given collection type.
87 [140210471184128] INFO perfrun.launcher <> - plugin [] was disabled because it doesn't support the given collection type.
87 [140210471184128] INFO perfrun.launcher <> - plugin [] was disabled because it doesn't support the given collection type.
87 [140210471184128] INFO perfrun.launcher <> - plugin [] was disabled because it doesn't support the given collection type.
87 [140210471184128] INFO perfrun.launcher <> - plugin [] was disabled because it doesn't support the given collection type.
87 [140210471184128] INFO perfrun.tpss <> - initialize tpss controller
87 [140210471184128] INFO perfrun.tpss <> - configure collection mode: value = cpu:stack
87 [140210471184128] INFO perfrun.tpss <> - default obj-size-min=1024
87 [140210471184128] INFO perfrun.tpss <> - default hash-table-size=0
87 [140210471184128] INFO perfrun.launcher <> - plugin [] was disabled because it doesn't support the given collection type.
87 [140210471184128] INFO perfrun.launcher <> - plugin [] was disabled because it doesn't support the given collection type.
87 [140210471184128] INFO perfrun.launcher <> - plugin [] was disabled because it doesn't support the given collection type.
87 [140210471184128] INFO perfrun.launcher <> - plugin [] was disabled because it doesn't support the given collection type.
87 [140210471184128] INFO perfrun.launcher <> - plugin [] was disabled because it doesn't support the given collection type.
87 [140210471184128] INFO perfrun.launcher <> - plugin [] was disabled because it doesn't support the given collection type.
87 [140210471184128] INFO perfrun.launcher <> - plugin [] was disabled because it doesn't support the given collection type.
87 [140210471184128] INFO perfrun.launcher <> - plugin [] was disabled because it doesn't support the given collection type.
87 [140210471184128] INFO perfrun.launcher <> - plugin [] was disabled because it doesn't support the given collection type.
87 [140210480699328] INFO perfrun.launcher <> - set environment variable: LD_LIBRARY_PATH = /home/enrique/intel/oneapi/advisor/2022.3.0/lib32/runtime:/home/enrique/intel/oneapi/advisor/2022.3.0/lib64/runtime:/home/enrique/intel/oneapi/vpl/2022.2.0/lib:/home/enrique/intel/oneapi/tbb/2021.7.0/env/../lib/intel64/gcc4.8:/home/enrique/intel/oneapi/mpi/2021.7.0//libfabric/lib:/home/enrique/intel/oneapi/mpi/2021.7.0//lib/release:/home/enrique/intel/oneapi/mpi/2021.7.0//lib:/home/enrique/intel/oneapi/mkl/2022.2.0/lib/intel64:/home/enrique/intel/oneapi/ipp/2021.6.1/lib/intel64:/home/enrique/intel/oneapi/ippcp/2021.6.1/lib/intel64:/home/enrique/intel/oneapi/ipp/2021.6.1/lib/intel64:/home/enrique/intel/oneapi/dnnl/2022.2.0/cpu_dpcpp_gpu_dpcpp/lib:/home/enrique/intel/oneapi/debugger/2021.7.0/gdb/intel64/lib:/home/enrique/intel/oneapi/debugger/2021.7.0/libipt/intel64/lib:/home/enrique/intel/oneapi/debugger/2021.7.0/dep/lib:/home/enrique/intel/oneapi/dal/2021.7.0/lib/intel64:/home/enrique/intel/oneapi/compiler/2022.2.0/linux/lib:/home/enrique/intel/oneapi/compiler/2022.2.0/linux/lib/x64:/home/enrique/intel/oneapi/compiler/2022.2.0/linux/lib/oclfpga/host/linux64/lib:/home/enrique/intel/oneapi/compiler/2022.2.0/linux/compiler/lib/intel64_lin:/home/enrique/intel/oneapi/ccl/2021.7.0/lib/cpu_gpu_dpcpp
88 [140210480699328] INFO perfrun.launcher <> - set environment variable: INTEL_LIBITTNOTIFY32 = /home/enrique/intel/oneapi/advisor/2022.3.0/lib32/runtime/libittnotify_collector.so
88 [140210480699328] INFO perfrun.launcher <> - set environment variable: INTEL_LIBITTNOTIFY64 = /home/enrique/intel/oneapi/advisor/2022.3.0/lib64/runtime/libittnotify_collector.so
88 [140210480699328] INFO perfrun.launcher <> - set environment variable: INTEL_ITTNOTIFY_GROUPS = 
88 [140210480699328] INFO perfrun.launcher <> - set environment variable: INTEL_JIT_PROFILER32 = /home/enrique/intel/oneapi/advisor/2022.3.0/lib32/runtime/libittnotify_collector.so
88 [140210480699328] INFO perfrun.launcher <> - set environment variable: INTEL_JIT_PROFILER64 = /home/enrique/intel/oneapi/advisor/2022.3.0/lib64/runtime/libittnotify_collector.so
88 [140210480699328] INFO perfrun.launcher <> - set environment variable: OMP_TOOL_LIBRARIES = /home/enrique/intel/oneapi/advisor/2022.3.0/lib32/runtime/libittnotify_collector.so:/home/enrique/intel/oneapi/advisor/2022.3.0/lib64/runtime/libittnotify_collector.so
88 [140210480699328] INFO perfrun.launcher <> - set environment variable: ENABLE_JITPROFILING = 1
88 [140210480699328] INFO perfrun.launcher <> - set environment variable: CL_CONFIG_USE_VTUNE = True
88 [140210480699328] INFO perfrun.launcher <> - set environment variable: KMP_FORKJOIN_FRAMES = 0
88 [140210480699328] INFO perfrun.launcher <> - set environment variable: KMP_FORKJOIN_FRAMES_MODE = 0
88 [140210480699328] INFO perfrun.launcher <> - set environment variable: OMP_TOOL = disabled
88 [140210480699328] INFO perfrun.launcher <> - set environment variable: INTEL_MRTE_DATA_DIR = /home/enrique/intel/advixe/projects/lab4Tarea2/e000/hs000/data.0
88 [140210480699328] INFO perfrun.launcher <> - set environment variable: INTEL_MRTE_HOST_NAME = enrique-Aspire-A515-54G
88 [140210480699328] INFO perfrun.launcher <> - set environment variable: JAVA_TOOL_OPTIONS = -agentlib:advixe_tpssmrte_javaprof_1.0 -Dsun.boot.library.path=/home/enrique/intel/oneapi/advisor/2022.3.0/lib32/runtime:/home/enrique/intel/oneapi/advisor/2022.3.0/lib64/runtime
88 [140210480699328] INFO perfrun.launcher <> - set environment variable: LD_LIBRARY_PATH = /home/enrique/intel/oneapi/advisor/2022.3.0/lib32/runtime:/home/enrique/intel/oneapi/advisor/2022.3.0/lib64/runtime:/home/enrique/intel/oneapi/vpl/2022.2.0/lib:/home/enrique/intel/oneapi/tbb/2021.7.0/env/../lib/intel64/gcc4.8:/home/enrique/intel/oneapi/mpi/2021.7.0//libfabric/lib:/home/enrique/intel/oneapi/mpi/2021.7.0//lib/release:/home/enrique/intel/oneapi/mpi/2021.7.0//lib:/home/enrique/intel/oneapi/mkl/2022.2.0/lib/intel64:/home/enrique/intel/oneapi/ipp/2021.6.1/lib/intel64:/home/enrique/intel/oneapi/ippcp/2021.6.1/lib/intel64:/home/enrique/intel/oneapi/ipp/2021.6.1/lib/intel64:/home/enrique/intel/oneapi/dnnl/2022.2.0/cpu_dpcpp_gpu_dpcpp/lib:/home/enrique/intel/oneapi/debugger/2021.7.0/gdb/intel64/lib:/home/enrique/intel/oneapi/debugger/2021.7.0/libipt/intel64/lib:/home/enrique/intel/oneapi/debugger/2021.7.0/dep/lib:/home/enrique/intel/oneapi/dal/2021.7.0/lib/intel64:/home/enrique/intel/oneapi/compiler/2022.2.0/linux/lib:/home/enrique/intel/oneapi/compiler/2022.2.0/linux/lib/x64:/home/enrique/intel/oneapi/compiler/2022.2.0/linux/lib/oclfpga/host/linux64/lib:/home/enrique/intel/oneapi/compiler/2022.2.0/linux/compiler/lib/intel64_lin:/home/enrique/intel/oneapi/ccl/2021.7.0/lib/cpu_gpu_dpcpp
88 [140210480699328] INFO perfrun.launcher <> - RpcServer: run RPC server to handle requests
88 [140210480699328] INFO perfrun.launcher <> - Launcher: command line to start before modification = /home/enrique/Desktop/lab4-bc-enriquealbalateprieto/results/task1/ejecutable 1
89 [140210480699328] INFO perfrun.launcher <> - Launcher: command line to start after modification = /home/enrique/intel/oneapi/advisor/2022.3.0/bin64/pin -error_file /home/enrique/intel/advixe/projects/lab4Tarea2/e000/hs000/data.0/pinerr.tpsslog -detach_reattach -follow_execv -tool_load_option deepbind -t64 /home/enrique/intel/oneapi/advisor/2022.3.0/lib64/libtpsstool.so -t /home/enrique/intel/oneapi/advisor/2022.3.0/lib32/libtpsstool.so -server_name tpss_ipc.10916 -prd_dir /home/enrique/intel/oneapi/advisor/2022.3.0 -- /home/enrique/Desktop/lab4-bc-enriquealbalateprieto/results/task1/ejecutable 1
89 [140210480699328] INFO perfrun.launcher <> - ProcessCreator object was created
89 [140210480699328] INFO perfrun.launcher <> - Launcher: the process was started in suspend mode
91 [140210471184128] WARN perfrun.system <> - Could not do anything with /sys/kernel/debug/kvm: boost::filesystem::status: Permission denied: "/sys/kernel/debug/kvm", at file: vcs/perfrun1/plugins/system/src/trace_writer.cpp:787
91 [140210471184128] WARN perfrun.system <> - Folder "/var/run/libvirt/qemu/"doesn't exist, at file: vcs/perfrun1/plugins/system/src/trace_writer.cpp:800
92 [140210471184128] WARN perfrun.sdk <> - Failed to find xl binary on any of the system paths: /bin, /sbin, /usr/bin, /usr/sbin., at file: vcs/perfrun1/sdk/src/utils.cpp:204
95 [140210471184128] INFO perfrun.vdso <> - Helper runtool '/home/enrique/intel/oneapi/advisor/2022.3.0/bin32/advixe-runss -dump-vdso -r /home/enrique/intel/advixe/projects/lab4Tarea2/e000/hs000 --tmp-dir /tmp/advixe-tmp-enrique' returned 1
150 [140210471184128] INFO perfrun.vdso <> - Helper runtool '/home/enrique/intel/oneapi/advisor/2022.3.0/bin64/advixe-runss -dump-vdso -r /home/enrique/intel/advixe/projects/lab4Tarea2/e000/hs000 --tmp-dir /tmp/advixe-tmp-enrique' returned 0
150 [140210471184128] INFO perfrun.itt <> - start itt controller for pid #10929
150 [140210471184128] INFO perfrun.tpss <> - start tpss controller for pid #10929
201 [140210480699328] INFO perfrun.launcher <> - Launcher: all plugins were started
201 [140210480699328] INFO perfrun.launcher <> - DirectoryMonitor object was created
201 [140210480699328] INFO perfrun.launcher <> - DirectoryMonitor: a callback was added
201 [140210480699328] INFO perfrun.launcher <> - DirectoryMonitor was started with pingTime = 1000
201 [140210480699328] INFO perfrun.launcher <> - DeadlineTimer is going to be constructed
201 [140210480699328] INFO perfrun.launcher <> - DeadlineTimer: a callback was added
205 [140210480699328] INFO perfrun.launcher <> - Launcher: resume the profiled application and  wait its termination or stop command
965 [140210480699328] INFO perfrun.launcher <> - Launcher: the profiled application was terminated  with exit code = 0
969 [140210471184128] INFO perfrun.itt <> - detach itt controller
969 [140210471184128] INFO perfrun.itt <> - detach itt controller done
969 [140210471184128] INFO perfrun.tpss <> - stop tpss controller
970 [140210471184128] INFO perfrun.sdk <> - De-allocating TMU: /home/enrique/intel/advixe/projects/lab4Tarea2/e000/hs000/data.0/systemcollector-10916-enrique-Aspire-A515-54G.sc
970 [140210471184128] INFO perfrun.system <> - closed the system trace file: /home/enrique/intel/advixe/projects/lab4Tarea2/e000/hs000/data.0/systemcollector-10916-enrique-Aspire-A515-54G.sc
970 [140210480699328] INFO perfrun.launcher <> - Launcher: all plugins were stopped.
970 [140210480699328] INFO perfrun.launcher <> - DeadlineTimer is going to be destroyed
970 [140210480699328] INFO perfrun.launcher <> - DeadlineTimer was destroyed
970 [140210480699328] INFO perfrun.launcher <> - DirectoryMonitor object was destroyed
970 [140210480699328] WARN perfrun.launcher <> - Stop command is ignored because it is received when collection is already stopped, at file: vcs/perfrun1/launcher/src/command_handler.cpp:226
970 [140210480699328] INFO perfrun.launcher <> - Application exit code: 0
970 [140210480699328] INFO perfrun.launcher <> - Exit code: 0
