17 [139775674763200] INFO perfrun.launcher <> - Launcher main begin
19 [139775674763200] INFO perfrun.launcher <> - MessageCatalogInit finished
19 [139775674763200] INFO perfrun.launcher <> - Launcher instance created
19 [139775674763200] INFO perfrun.launcher <> - argc = 7; cmdline = /home/enrique/intel/oneapi/advisor/2022.3.0/bin64/advixe-runss --ui-output-format xml --ui-output-fd 89 --option-file /home/enrique/intel/advixe/projects/lab4Tarea2/e000/st008/config/runss.options 
94 [139775674763200] INFO perfrun.launcher <> - create msngr2::ICliToolContext
94 [139775674763200] INFO perfrun.launcher <> - create file finder object
94 [139775674763200] INFO perfrun.launcher <> - create a result directory: pattern = /home/enrique/intel/advixe/projects/lab4Tarea2/e000/st008 pid = 4294967295
99 [139775674763200] INFO perfrun.sdk <> - checked that the directory /home/enrique/intel/advixe/projects/lab4Tarea2/e000/st008 is a local directory
99 [139775674763200] INFO perfrun.sdk <> - the directory /home/enrique/intel/advixe/projects/lab4Tarea2/e000/st008 is a local directory with FS type ID 61267
99 [139775674763200] INFO perfrun.launcher <> - create data directory = /home/enrique/intel/advixe/projects/lab4Tarea2/e000/st008/data.0
99 [139775674763200] INFO perfrun.launcher <> - Creating the master collection flag
103 [139775674763200] INFO perfrun.launcher <> - Done creating the master collection flag
125 [139775665248000] INFO perfrun.launcher <> - plugin [remoteplug] was disabled because it doesn't support the given collection type.
126 [139775665248000] INFO perfrun.sdk <> - Allocating TMU :/home/enrique/intel/advixe/projects/lab4Tarea2/e000/st008/data.0/systemcollector-10149-enrique-Aspire-A515-54G.sc
126 [139775665248000] INFO perfrun.launcher <> - plugin [] was disabled because it doesn't support the given collection type.
126 [139775665248000] INFO perfrun.launcher <> - plugin [gpu] was disabled because it doesn't support the given collection type.
126 [139775665248000] INFO perfrun.launcher <> - plugin [] was disabled because it doesn't support the given collection type.
126 [139775665248000] INFO perfrun.launcher <> - plugin [] was disabled because it doesn't support the given collection type.
126 [139775665248000] INFO perfrun.launcher <> - plugin [] was disabled because it doesn't support the given collection type.
126 [139775665248000] INFO perfrun.mrte <> - system-wide mode is 0
126 [139775665248000] INFO perfrun.mrte <> - Getting  mrte profiling environment ...
136 [139775665248000] INFO perfrun.mrte <> - INTEL_MRTE_DATA_DIR=/home/enrique/intel/advixe/projects/lab4Tarea2/e000/st008/data.0
136 [139775665248000] INFO perfrun.mrte <> - INTEL_MRTE_HOST_NAME=enrique-Aspire-A515-54G
136 [139775665248000] INFO perfrun.mrte <> - JAVA_TOOL_OPTIONS=-agentlib:advixe_tpssmrte_javaprof_1.0 -Dsun.boot.library.path=/home/enrique/intel/oneapi/advisor/2022.3.0/lib32/runtime:/home/enrique/intel/oneapi/advisor/2022.3.0/lib64/runtime
136 [139775665248000] INFO perfrun.mrte <> - LD_LIBRARY_PATH=/home/enrique/intel/oneapi/advisor/2022.3.0/lib32/runtime:/home/enrique/intel/oneapi/advisor/2022.3.0/lib64/runtime:/home/enrique/intel/oneapi/vpl/2022.2.0/lib:/home/enrique/intel/oneapi/tbb/2021.7.0/env/../lib/intel64/gcc4.8:/home/enrique/intel/oneapi/mpi/2021.7.0//libfabric/lib:/home/enrique/intel/oneapi/mpi/2021.7.0//lib/release:/home/enrique/intel/oneapi/mpi/2021.7.0//lib:/home/enrique/intel/oneapi/mkl/2022.2.0/lib/intel64:/home/enrique/intel/oneapi/ipp/2021.6.1/lib/intel64:/home/enrique/intel/oneapi/ippcp/2021.6.1/lib/intel64:/home/enrique/intel/oneapi/ipp/2021.6.1/lib/intel64:/home/enrique/intel/oneapi/dnnl/2022.2.0/cpu_dpcpp_gpu_dpcpp/lib:/home/enrique/intel/oneapi/debugger/2021.7.0/gdb/intel64/lib:/home/enrique/intel/oneapi/debugger/2021.7.0/libipt/intel64/lib:/home/enrique/intel/oneapi/debugger/2021.7.0/dep/lib:/home/enrique/intel/oneapi/dal/2021.7.0/lib/intel64:/home/enrique/intel/oneapi/compiler/2022.2.0/linux/lib:/home/enrique/intel/oneapi/compiler/2022.2.0/linux/lib/x64:/home/enrique/intel/oneapi/compiler/2022.2.0/linux/lib/oclfpga/host/linux64/lib:/home/enrique/intel/oneapi/compiler/2022.2.0/linux/compiler/lib/intel64_lin:/home/enrique/intel/oneapi/ccl/2021.7.0/lib/cpu_gpu_dpcpp
136 [139775665248000] INFO perfrun.mrte <> - Data directory: /home/enrique/intel/advixe/projects/lab4Tarea2/e000/st008/data.0
136 [139775665248000] INFO perfrun.mrte <> - Mrte plugin is initialized
136 [139775665248000] INFO perfrun.launcher <> - plugin [] was disabled because it doesn't support the given collection type.
136 [139775665248000] INFO perfrun.launcher <> - plugin [] was disabled because it doesn't support the given collection type.
136 [139775665248000] INFO perfrun.launcher <> - plugin [] was disabled because it doesn't support the given collection type.
136 [139775665248000] INFO perfrun.launcher <> - plugin [] was disabled because it doesn't support the given collection type.
136 [139775665248000] INFO perfrun.launcher <> - plugin [] was disabled because it doesn't support the given collection type.
136 [139775665248000] INFO perfrun.launcher <> - plugin [] was disabled because it doesn't support the given collection type.
136 [139775665248000] INFO perfrun.launcher <> - plugin [] was disabled because it doesn't support the given collection type.
136 [139775665248000] INFO perfrun.tpss <> - initialize tpss controller
136 [139775665248000] INFO perfrun.tpss <> - configure collection mode: value = projection:stack
136 [139775665248000] INFO perfrun.tpss <> - default obj-size-min=1024
136 [139775665248000] INFO perfrun.tpss <> - default hash-table-size=0
136 [139775665248000] INFO perfrun.launcher <> - plugin [] was disabled because it doesn't support the given collection type.
136 [139775665248000] INFO perfrun.launcher <> - plugin [] was disabled because it doesn't support the given collection type.
136 [139775665248000] INFO perfrun.launcher <> - plugin [] was disabled because it doesn't support the given collection type.
137 [139775665248000] INFO perfrun.launcher <> - plugin [] was disabled because it doesn't support the given collection type.
137 [139775665248000] INFO perfrun.launcher <> - plugin [] was disabled because it doesn't support the given collection type.
137 [139775665248000] INFO perfrun.launcher <> - plugin [] was disabled because it doesn't support the given collection type.
137 [139775665248000] INFO perfrun.launcher <> - plugin [] was disabled because it doesn't support the given collection type.
137 [139775665248000] INFO perfrun.launcher <> - plugin [] was disabled because it doesn't support the given collection type.
137 [139775665248000] INFO perfrun.launcher <> - plugin [] was disabled because it doesn't support the given collection type.
137 [139775674763200] INFO perfrun.launcher <> - set environment variable: LD_LIBRARY_PATH = /home/enrique/intel/oneapi/advisor/2022.3.0/lib32/runtime:/home/enrique/intel/oneapi/advisor/2022.3.0/lib64/runtime:/home/enrique/intel/oneapi/vpl/2022.2.0/lib:/home/enrique/intel/oneapi/tbb/2021.7.0/env/../lib/intel64/gcc4.8:/home/enrique/intel/oneapi/mpi/2021.7.0//libfabric/lib:/home/enrique/intel/oneapi/mpi/2021.7.0//lib/release:/home/enrique/intel/oneapi/mpi/2021.7.0//lib:/home/enrique/intel/oneapi/mkl/2022.2.0/lib/intel64:/home/enrique/intel/oneapi/ipp/2021.6.1/lib/intel64:/home/enrique/intel/oneapi/ippcp/2021.6.1/lib/intel64:/home/enrique/intel/oneapi/ipp/2021.6.1/lib/intel64:/home/enrique/intel/oneapi/dnnl/2022.2.0/cpu_dpcpp_gpu_dpcpp/lib:/home/enrique/intel/oneapi/debugger/2021.7.0/gdb/intel64/lib:/home/enrique/intel/oneapi/debugger/2021.7.0/libipt/intel64/lib:/home/enrique/intel/oneapi/debugger/2021.7.0/dep/lib:/home/enrique/intel/oneapi/dal/2021.7.0/lib/intel64:/home/enrique/intel/oneapi/compiler/2022.2.0/linux/lib:/home/enrique/intel/oneapi/compiler/2022.2.0/linux/lib/x64:/home/enrique/intel/oneapi/compiler/2022.2.0/linux/lib/oclfpga/host/linux64/lib:/home/enrique/intel/oneapi/compiler/2022.2.0/linux/compiler/lib/intel64_lin:/home/enrique/intel/oneapi/ccl/2021.7.0/lib/cpu_gpu_dpcpp
137 [139775674763200] INFO perfrun.launcher <> - set environment variable: INTEL_LIBITTNOTIFY32 = /home/enrique/intel/oneapi/advisor/2022.3.0/lib32/runtime/libittnotify_collector.so
137 [139775674763200] INFO perfrun.launcher <> - set environment variable: INTEL_LIBITTNOTIFY64 = /home/enrique/intel/oneapi/advisor/2022.3.0/lib64/runtime/libittnotify_collector.so
137 [139775674763200] INFO perfrun.launcher <> - set environment variable: INTEL_ITTNOTIFY_GROUPS = 
137 [139775674763200] INFO perfrun.launcher <> - set environment variable: INTEL_JIT_PROFILER32 = /home/enrique/intel/oneapi/advisor/2022.3.0/lib32/runtime/libittnotify_collector.so
137 [139775674763200] INFO perfrun.launcher <> - set environment variable: INTEL_JIT_PROFILER64 = /home/enrique/intel/oneapi/advisor/2022.3.0/lib64/runtime/libittnotify_collector.so
137 [139775674763200] INFO perfrun.launcher <> - set environment variable: OMP_TOOL_LIBRARIES = /home/enrique/intel/oneapi/advisor/2022.3.0/lib32/runtime/libittnotify_collector.so:/home/enrique/intel/oneapi/advisor/2022.3.0/lib64/runtime/libittnotify_collector.so
137 [139775674763200] INFO perfrun.launcher <> - set environment variable: ENABLE_JITPROFILING = 1
137 [139775674763200] INFO perfrun.launcher <> - set environment variable: CL_CONFIG_USE_VTUNE = True
137 [139775674763200] INFO perfrun.launcher <> - set environment variable: KMP_FORKJOIN_FRAMES = 0
138 [139775674763200] INFO perfrun.launcher <> - set environment variable: KMP_FORKJOIN_FRAMES_MODE = 0
138 [139775674763200] INFO perfrun.launcher <> - set environment variable: OMP_TOOL = disabled
138 [139775674763200] INFO perfrun.launcher <> - set environment variable: INTEL_MRTE_DATA_DIR = /home/enrique/intel/advixe/projects/lab4Tarea2/e000/st008/data.0
138 [139775674763200] INFO perfrun.launcher <> - set environment variable: INTEL_MRTE_HOST_NAME = enrique-Aspire-A515-54G
138 [139775674763200] INFO perfrun.launcher <> - set environment variable: JAVA_TOOL_OPTIONS = -agentlib:advixe_tpssmrte_javaprof_1.0 -Dsun.boot.library.path=/home/enrique/intel/oneapi/advisor/2022.3.0/lib32/runtime:/home/enrique/intel/oneapi/advisor/2022.3.0/lib64/runtime
138 [139775674763200] INFO perfrun.launcher <> - set environment variable: LD_LIBRARY_PATH = /home/enrique/intel/oneapi/advisor/2022.3.0/lib32/runtime:/home/enrique/intel/oneapi/advisor/2022.3.0/lib64/runtime:/home/enrique/intel/oneapi/vpl/2022.2.0/lib:/home/enrique/intel/oneapi/tbb/2021.7.0/env/../lib/intel64/gcc4.8:/home/enrique/intel/oneapi/mpi/2021.7.0//libfabric/lib:/home/enrique/intel/oneapi/mpi/2021.7.0//lib/release:/home/enrique/intel/oneapi/mpi/2021.7.0//lib:/home/enrique/intel/oneapi/mkl/2022.2.0/lib/intel64:/home/enrique/intel/oneapi/ipp/2021.6.1/lib/intel64:/home/enrique/intel/oneapi/ippcp/2021.6.1/lib/intel64:/home/enrique/intel/oneapi/ipp/2021.6.1/lib/intel64:/home/enrique/intel/oneapi/dnnl/2022.2.0/cpu_dpcpp_gpu_dpcpp/lib:/home/enrique/intel/oneapi/debugger/2021.7.0/gdb/intel64/lib:/home/enrique/intel/oneapi/debugger/2021.7.0/libipt/intel64/lib:/home/enrique/intel/oneapi/debugger/2021.7.0/dep/lib:/home/enrique/intel/oneapi/dal/2021.7.0/lib/intel64:/home/enrique/intel/oneapi/compiler/2022.2.0/linux/lib:/home/enrique/intel/oneapi/compiler/2022.2.0/linux/lib/x64:/home/enrique/intel/oneapi/compiler/2022.2.0/linux/lib/oclfpga/host/linux64/lib:/home/enrique/intel/oneapi/compiler/2022.2.0/linux/compiler/lib/intel64_lin:/home/enrique/intel/oneapi/ccl/2021.7.0/lib/cpu_gpu_dpcpp
138 [139775674763200] INFO perfrun.launcher <> - RpcServer: run RPC server to handle requests
138 [139775674763200] INFO perfrun.launcher <> - Launcher: command line to start before modification = /home/enrique/Desktop/lab4-bc-enriquealbalateprieto/results/task1/ejecutable 1
138 [139775674763200] INFO perfrun.launcher <> - Launcher: command line to start after modification = /home/enrique/intel/oneapi/advisor/2022.3.0/bin64/pin -error_file /home/enrique/intel/advixe/projects/lab4Tarea2/e000/st008/data.0/pinerr.tpsslog -detach_reattach -follow_execv -tool_load_option deepbind -t64 /home/enrique/intel/oneapi/advisor/2022.3.0/lib64/libtpsstool.so -t /home/enrique/intel/oneapi/advisor/2022.3.0/lib32/libtpsstool.so -server_name tpss_ipc.10149 -prd_dir /home/enrique/intel/oneapi/advisor/2022.3.0 -- /home/enrique/Desktop/lab4-bc-enriquealbalateprieto/results/task1/ejecutable 1
138 [139775674763200] INFO perfrun.launcher <> - ProcessCreator object was created
139 [139775674763200] INFO perfrun.launcher <> - Launcher: the process was started in suspend mode
141 [139775665248000] WARN perfrun.system <> - Could not do anything with /sys/kernel/debug/kvm: boost::filesystem::status: Permission denied: "/sys/kernel/debug/kvm", at file: vcs/perfrun1/plugins/system/src/trace_writer.cpp:787
141 [139775665248000] WARN perfrun.system <> - Folder "/var/run/libvirt/qemu/"doesn't exist, at file: vcs/perfrun1/plugins/system/src/trace_writer.cpp:800
142 [139775665248000] WARN perfrun.sdk <> - Failed to find xl binary on any of the system paths: /bin, /sbin, /usr/bin, /usr/sbin., at file: vcs/perfrun1/sdk/src/utils.cpp:204
148 [139775665248000] INFO perfrun.vdso <> - Helper runtool '/home/enrique/intel/oneapi/advisor/2022.3.0/bin32/advixe-runss -dump-vdso -r /home/enrique/intel/advixe/projects/lab4Tarea2/e000/st008 --tmp-dir /tmp/advixe-tmp-enrique' returned 1
278 [139775665248000] INFO perfrun.vdso <> - Helper runtool '/home/enrique/intel/oneapi/advisor/2022.3.0/bin64/advixe-runss -dump-vdso -r /home/enrique/intel/advixe/projects/lab4Tarea2/e000/st008 --tmp-dir /tmp/advixe-tmp-enrique' returned 0
278 [139775665248000] INFO perfrun.itt <> - start itt controller for pid #10162
279 [139775665248000] INFO perfrun.tpss <> - start tpss controller for pid #10162
329 [139775674763200] INFO perfrun.launcher <> - Launcher: all plugins were started
329 [139775674763200] INFO perfrun.launcher <> - DirectoryMonitor object was created
329 [139775674763200] INFO perfrun.launcher <> - DirectoryMonitor: a callback was added
329 [139775674763200] INFO perfrun.launcher <> - DirectoryMonitor was started with pingTime = 1000
329 [139775674763200] INFO perfrun.launcher <> - DeadlineTimer is going to be constructed
329 [139775674763200] INFO perfrun.launcher <> - DeadlineTimer: a callback was added
333 [139775674763200] INFO perfrun.launcher <> - Launcher: resume the profiled application and  wait its termination or stop command
895 [139775674763200] INFO perfrun.launcher <> - Launcher: the profiled application was terminated  with exit code = 0
903 [139775665248000] INFO perfrun.itt <> - detach itt controller
903 [139775665248000] INFO perfrun.itt <> - detach itt controller done
903 [139775665248000] INFO perfrun.tpss <> - stop tpss controller
903 [139775665248000] INFO perfrun.sdk <> - De-allocating TMU: /home/enrique/intel/advixe/projects/lab4Tarea2/e000/st008/data.0/systemcollector-10149-enrique-Aspire-A515-54G.sc
903 [139775665248000] INFO perfrun.system <> - closed the system trace file: /home/enrique/intel/advixe/projects/lab4Tarea2/e000/st008/data.0/systemcollector-10149-enrique-Aspire-A515-54G.sc
903 [139775674763200] INFO perfrun.launcher <> - Launcher: all plugins were stopped.
903 [139775674763200] INFO perfrun.launcher <> - DeadlineTimer is going to be destroyed
903 [139775674763200] INFO perfrun.launcher <> - DeadlineTimer was destroyed
903 [139775674763200] INFO perfrun.launcher <> - DirectoryMonitor object was destroyed
903 [139775674763200] WARN perfrun.launcher <> - Stop command is ignored because it is received when collection is already stopped, at file: vcs/perfrun1/launcher/src/command_handler.cpp:226
904 [139775674763200] INFO perfrun.launcher <> - Application exit code: 0
904 [139775674763200] INFO perfrun.launcher <> - Exit code: 0
