8 [140044809918400] INFO perfrun.launcher <> - Launcher main begin
9 [140044809918400] INFO perfrun.launcher <> - MessageCatalogInit finished
9 [140044809918400] INFO perfrun.launcher <> - Launcher instance created
9 [140044809918400] INFO perfrun.launcher <> - argc = 6; cmdline = /home/enrique/intel/oneapi/advisor/2022.3.0/bin64/advixe-runss -dump-vdso -r /home/enrique/intel/advixe/projects/lab4Tarea2/e000/hs006 --tmp-dir /tmp/advixe-tmp-enrique 
54 [140044809918400] INFO perfrun.launcher <> - create msngr2::ICliToolContext
54 [140044809918400] INFO perfrun.launcher <> - create file finder object
55 [140044800403200] INFO perfrun.launcher <> - plugin [remoteplug] was disabled because it doesn't support the given collection type.
55 [140044800403200] INFO perfrun.launcher <> - plugin [system] was disabled because it doesn't support the given collection type.
55 [140044800403200] INFO perfrun.vdso <> - dumping [vdso] pseudomodule
58 [140044800403200] INFO perfrun.launcher <> - plugin [itt] was disabled because it doesn't support the given collection type.
58 [140044800403200] INFO perfrun.launcher <> - plugin [] was disabled because it doesn't support the given collection type.
58 [140044800403200] INFO perfrun.launcher <> - plugin [gpu] was disabled because it doesn't support the given collection type.
58 [140044800403200] INFO perfrun.launcher <> - plugin [] was disabled because it doesn't support the given collection type.
58 [140044800403200] INFO perfrun.launcher <> - plugin [] was disabled because it doesn't support the given collection type.
58 [140044800403200] INFO perfrun.launcher <> - plugin [] was disabled because it doesn't support the given collection type.
58 [140044800403200] INFO perfrun.launcher <> - plugin [mrte] was disabled because it doesn't support the given collection type.
58 [140044800403200] INFO perfrun.launcher <> - plugin [] was disabled because it doesn't support the given collection type.
58 [140044800403200] INFO perfrun.launcher <> - plugin [] was disabled because it doesn't support the given collection type.
58 [140044800403200] INFO perfrun.launcher <> - plugin [] was disabled because it doesn't support the given collection type.
58 [140044800403200] INFO perfrun.launcher <> - plugin [] was disabled because it doesn't support the given collection type.
58 [140044800403200] INFO perfrun.launcher <> - plugin [] was disabled because it doesn't support the given collection type.
58 [140044800403200] INFO perfrun.launcher <> - plugin [] was disabled because it doesn't support the given collection type.
58 [140044800403200] INFO perfrun.launcher <> - plugin [] was disabled because it doesn't support the given collection type.
58 [140044800403200] INFO perfrun.launcher <> - plugin [tpss] was disabled because it doesn't support the given collection type.
58 [140044800403200] INFO perfrun.launcher <> - plugin [] was disabled because it doesn't support the given collection type.
58 [140044800403200] INFO perfrun.launcher <> - plugin [] was disabled because it doesn't support the given collection type.
58 [140044800403200] INFO perfrun.launcher <> - plugin [] was disabled because it doesn't support the given collection type.
58 [140044800403200] INFO perfrun.launcher <> - plugin [] was disabled because it doesn't support the given collection type.
58 [140044800403200] INFO perfrun.launcher <> - plugin [] was disabled because it doesn't support the given collection type.
58 [140044800403200] INFO perfrun.launcher <> - plugin [] was disabled because it doesn't support the given collection type.
58 [140044800403200] INFO perfrun.launcher <> - plugin [] was disabled because it doesn't support the given collection type.
58 [140044800403200] INFO perfrun.launcher <> - plugin [] was disabled because it doesn't support the given collection type.
58 [140044800403200] INFO perfrun.launcher <> - plugin [] was disabled because it doesn't support the given collection type.
58 [140044809918400] INFO perfrun.launcher <> - Application exit code: 0
58 [140044809918400] INFO perfrun.launcher <> - Exit code: 0
