8 [140406095480768] INFO perfrun.launcher <> - Launcher main begin
9 [140406095480768] INFO perfrun.launcher <> - MessageCatalogInit finished
9 [140406095480768] INFO perfrun.launcher <> - Launcher instance created
9 [140406095480768] INFO perfrun.launcher <> - argc = 6; cmdline = /home/enrique/intel/oneapi/advisor/2022.3.0/bin64/advixe-runss -dump-vdso -r /home/enrique/intel/advixe/projects/lab4Tarea2/e000/st000 --tmp-dir /tmp/advixe-tmp-enrique 
34 [140406095480768] INFO perfrun.launcher <> - create msngr2::ICliToolContext
34 [140406095480768] INFO perfrun.launcher <> - create file finder object
35 [140406085965568] INFO perfrun.launcher <> - plugin [remoteplug] was disabled because it doesn't support the given collection type.
35 [140406085965568] INFO perfrun.launcher <> - plugin [system] was disabled because it doesn't support the given collection type.
35 [140406085965568] INFO perfrun.vdso <> - dumping [vdso] pseudomodule
37 [140406085965568] INFO perfrun.launcher <> - plugin [itt] was disabled because it doesn't support the given collection type.
37 [140406085965568] INFO perfrun.launcher <> - plugin [] was disabled because it doesn't support the given collection type.
38 [140406085965568] INFO perfrun.launcher <> - plugin [gpu] was disabled because it doesn't support the given collection type.
38 [140406085965568] INFO perfrun.launcher <> - plugin [] was disabled because it doesn't support the given collection type.
38 [140406085965568] INFO perfrun.launcher <> - plugin [] was disabled because it doesn't support the given collection type.
38 [140406085965568] INFO perfrun.launcher <> - plugin [] was disabled because it doesn't support the given collection type.
38 [140406085965568] INFO perfrun.launcher <> - plugin [mrte] was disabled because it doesn't support the given collection type.
38 [140406085965568] INFO perfrun.launcher <> - plugin [] was disabled because it doesn't support the given collection type.
38 [140406085965568] INFO perfrun.launcher <> - plugin [] was disabled because it doesn't support the given collection type.
38 [140406085965568] INFO perfrun.launcher <> - plugin [] was disabled because it doesn't support the given collection type.
38 [140406085965568] INFO perfrun.launcher <> - plugin [] was disabled because it doesn't support the given collection type.
38 [140406085965568] INFO perfrun.launcher <> - plugin [] was disabled because it doesn't support the given collection type.
38 [140406085965568] INFO perfrun.launcher <> - plugin [] was disabled because it doesn't support the given collection type.
38 [140406085965568] INFO perfrun.launcher <> - plugin [] was disabled because it doesn't support the given collection type.
38 [140406085965568] INFO perfrun.launcher <> - plugin [tpss] was disabled because it doesn't support the given collection type.
38 [140406085965568] INFO perfrun.launcher <> - plugin [] was disabled because it doesn't support the given collection type.
38 [140406085965568] INFO perfrun.launcher <> - plugin [] was disabled because it doesn't support the given collection type.
38 [140406085965568] INFO perfrun.launcher <> - plugin [] was disabled because it doesn't support the given collection type.
38 [140406085965568] INFO perfrun.launcher <> - plugin [] was disabled because it doesn't support the given collection type.
38 [140406085965568] INFO perfrun.launcher <> - plugin [] was disabled because it doesn't support the given collection type.
38 [140406085965568] INFO perfrun.launcher <> - plugin [] was disabled because it doesn't support the given collection type.
38 [140406085965568] INFO perfrun.launcher <> - plugin [] was disabled because it doesn't support the given collection type.
38 [140406085965568] INFO perfrun.launcher <> - plugin [] was disabled because it doesn't support the given collection type.
38 [140406085965568] INFO perfrun.launcher <> - plugin [] was disabled because it doesn't support the given collection type.
38 [140406095480768] INFO perfrun.launcher <> - Application exit code: 0
38 [140406095480768] INFO perfrun.launcher <> - Exit code: 0
