<?xml version="1.0" encoding="utf-8"?>
<log version="1.0" tool="runtool">

<msg id="1" tool="runtool">
  <type>log-start</type>
  <arg>2022/11/22 19:51:50</arg>
</msg>
<msg id="2" tool="runtool">
  <type>collector-starts</type>
</msg>
<msg id="3" tool="runtool">
  <type>marker-file</type>
  <arg>/home/enrique/intel/advixe/projects/lab4Tarea2/e000/trc000/trc000.advixe</arg>
</msg>
<msg id="4" tool="trc">
  <type>PROCESS_START</type>
  <arg>/home/enrique/Desktop/lab4-bc-enriquealbalateprieto/results/task1/ejecutable</arg>
  <arg>10995</arg>
  <severity>INFO</severity>
  <timestamp>Tue Nov 22 19:51:50 2022</timestamp>
</msg>
<msg id="5" tool="trc">
  <type>PROCESS_ANALYSIS_MODE</type>
  <arg>full</arg>
  <severity>INFO</severity>
  <timestamp>Tue Nov 22 19:51:50 2022</timestamp>
</msg>
<msg id="6" tool="trc">
  <type>LOAD_MODULE</type>
  <arg>/home/enrique/Desktop/lab4-bc-enriquealbalateprieto/results/task1/ejecutable</arg>
  <arg>0x5578a182e000</arg>
  <arg>0x5578a1833247</arg>
  <arg>yes</arg>
  <severity>INFO</severity>
  <timestamp>Tue Nov 22 19:51:50 2022</timestamp>
</msg>
<msg id="7" tool="trc">
  <type>LOAD_MODULE</type>
  <arg>/lib64/ld-linux-x86-64.so.2</arg>
  <arg>0x7ffb8b65a000</arg>
  <arg>0x7ffb8b68918f</arg>
  <arg>no</arg>
  <severity>INFO</severity>
  <timestamp>Tue Nov 22 19:51:50 2022</timestamp>
</msg>
<msg id="8" tool="trc">
  <type>LOAD_MODULE</type>
  <arg>[vdso]</arg>
  <arg>0x7ffdd0d03000</arg>
  <arg>0x7ffdd0d040eb</arg>
  <arg>no</arg>
  <severity>INFO</severity>
  <timestamp>Tue Nov 22 19:51:50 2022</timestamp>
</msg>
<msg id="9" tool="trc">
  <type>LOAD_MODULE</type>
  <arg>/lib/x86_64-linux-gnu/libgomp.so.1</arg>
  <arg>0x7ffb751b8000</arg>
  <arg>0x7ffb751f992f</arg>
  <arg>no</arg>
  <severity>INFO</severity>
  <timestamp>Tue Nov 22 19:51:50 2022</timestamp>
</msg>
<msg id="10" tool="trc">
  <type>LOAD_MODULE</type>
  <arg>/lib/x86_64-linux-gnu/libdl.so.2</arg>
  <arg>0x7ffb75143000</arg>
  <arg>0x7ffb7514810f</arg>
  <arg>no</arg>
  <severity>INFO</severity>
  <timestamp>Tue Nov 22 19:51:50 2022</timestamp>
</msg>
<msg id="11" tool="trc">
  <type>LOAD_MODULE</type>
  <arg>/lib/x86_64-linux-gnu/libstdc++.so.6</arg>
  <arg>0x7ffb74f49000</arg>
  <arg>0x7ffb7512a7ff</arg>
  <arg>no</arg>
  <severity>INFO</severity>
  <timestamp>Tue Nov 22 19:51:50 2022</timestamp>
</msg>
<msg id="12" tool="trc">
  <type>LOAD_MODULE</type>
  <arg>/lib/x86_64-linux-gnu/libm.so.6</arg>
  <arg>0x7ffb74db1000</arg>
  <arg>0x7ffb74eff10f</arg>
  <arg>no</arg>
  <severity>INFO</severity>
  <timestamp>Tue Nov 22 19:51:50 2022</timestamp>
</msg>
<msg id="13" tool="trc">
  <type>LOAD_MODULE</type>
  <arg>/lib/x86_64-linux-gnu/libc.so.6</arg>
  <arg>0x7ffb74b9d000</arg>
  <arg>0x7ffb74d8e4d7</arg>
  <arg>no</arg>
  <severity>INFO</severity>
  <timestamp>Tue Nov 22 19:51:50 2022</timestamp>
</msg>
<msg id="14" tool="trc">
  <type>LOAD_MODULE</type>
  <arg>/lib/x86_64-linux-gnu/libpthread.so.0</arg>
  <arg>0x7ffb74b76000</arg>
  <arg>0x7ffb74b98477</arg>
  <arg>yes</arg>
  <severity>INFO</severity>
  <timestamp>Tue Nov 22 19:51:50 2022</timestamp>
</msg>
<msg id="15" tool="trc">
  <type>LOAD_MODULE</type>
  <arg>/lib/x86_64-linux-gnu/libgcc_s.so.1</arg>
  <arg>0x7ffb74b4f000</arg>
  <arg>0x7ffb74b69447</arg>
  <arg>no</arg>
  <severity>INFO</severity>
  <timestamp>Tue Nov 22 19:51:50 2022</timestamp>
</msg>
<msg id="16" tool="trc">
  <type>LOAD_MODULE</type>
  <arg>/home/enrique/intel/oneapi/advisor/2022.3.0/lib64/runtime/libittnotify.so</arg>
  <arg>0x7ffb728e9000</arg>
  <arg>0x7ffb72af565f</arg>
  <arg>no</arg>
  <severity>INFO</severity>
  <timestamp>Tue Nov 22 19:51:51 2022</timestamp>
</msg>
<msg id="17" tool="trc">
  <type>UNLOAD_MODULE</type>
  <arg>/home/enrique/Desktop/lab4-bc-enriquealbalateprieto/results/task1/ejecutable</arg>
  <severity>INFO</severity>
  <timestamp>Tue Nov 22 19:51:52 2022</timestamp>
</msg>
<msg id="18" tool="trc">
  <type>UNLOAD_MODULE</type>
  <arg>/lib64/ld-linux-x86-64.so.2</arg>
  <severity>INFO</severity>
  <timestamp>Tue Nov 22 19:51:52 2022</timestamp>
</msg>
<msg id="19" tool="trc">
  <type>UNLOAD_MODULE</type>
  <arg>[vdso]</arg>
  <severity>INFO</severity>
  <timestamp>Tue Nov 22 19:51:52 2022</timestamp>
</msg>
<msg id="20" tool="trc">
  <type>UNLOAD_MODULE</type>
  <arg>/lib/x86_64-linux-gnu/libgomp.so.1</arg>
  <severity>INFO</severity>
  <timestamp>Tue Nov 22 19:51:52 2022</timestamp>
</msg>
<msg id="21" tool="trc">
  <type>UNLOAD_MODULE</type>
  <arg>/lib/x86_64-linux-gnu/libdl.so.2</arg>
  <severity>INFO</severity>
  <timestamp>Tue Nov 22 19:51:52 2022</timestamp>
</msg>
<msg id="22" tool="trc">
  <type>UNLOAD_MODULE</type>
  <arg>/lib/x86_64-linux-gnu/libstdc++.so.6</arg>
  <severity>INFO</severity>
  <timestamp>Tue Nov 22 19:51:52 2022</timestamp>
</msg>
<msg id="23" tool="trc">
  <type>UNLOAD_MODULE</type>
  <arg>/lib/x86_64-linux-gnu/libm.so.6</arg>
  <severity>INFO</severity>
  <timestamp>Tue Nov 22 19:51:52 2022</timestamp>
</msg>
<msg id="24" tool="trc">
  <type>UNLOAD_MODULE</type>
  <arg>/lib/x86_64-linux-gnu/libc.so.6</arg>
  <severity>INFO</severity>
  <timestamp>Tue Nov 22 19:51:52 2022</timestamp>
</msg>
<msg id="25" tool="trc">
  <type>UNLOAD_MODULE</type>
  <arg>/lib/x86_64-linux-gnu/libpthread.so.0</arg>
  <severity>INFO</severity>
  <timestamp>Tue Nov 22 19:51:52 2022</timestamp>
</msg>
<msg id="26" tool="trc">
  <type>UNLOAD_MODULE</type>
  <arg>/lib/x86_64-linux-gnu/libgcc_s.so.1</arg>
  <severity>INFO</severity>
  <timestamp>Tue Nov 22 19:51:52 2022</timestamp>
</msg>
<msg id="27" tool="trc">
  <type>UNLOAD_MODULE</type>
  <arg>/home/enrique/intel/oneapi/advisor/2022.3.0/lib64/runtime/libittnotify.so</arg>
  <severity>INFO</severity>
  <timestamp>Tue Nov 22 19:51:52 2022</timestamp>
</msg>
<msg id="28" tool="trc">
  <type>PROCESS_FINISH</type>
  <arg>/home/enrique/Desktop/lab4-bc-enriquealbalateprieto/results/task1/ejecutable</arg>
  <arg>10995</arg>
  <arg>0x0</arg>
  <severity>INFO</severity>
  <timestamp>Tue Nov 22 19:51:52 2022</timestamp>
</msg>
<msg id="29" tool="runtool">
  <type>app-exit-code</type>
  <arg>0</arg>
</msg>
<msg id="30" tool="runtool">
  <type>marker-file</type>
  <arg>/home/enrique/intel/advixe/projects/lab4Tarea2/e000/trc000/trc000.advixe</arg>
</msg>
<msg id="31" tool="runtool">
  <type>collector-done</type>
</msg>
<msg id="32" tool="runtool">
  <type>log-end</type>
  <arg>2022/11/22 19:51:56</arg>
</msg>

</log>

