Collection status has changed. 1
Collection has been started.
Collection has stopped. Application exit code:  0
Loading cached program model
Cache load failed
Loading collected suitability data
Finalizing results
Finalizing the result
Clearing the database
The database has been cleared, elapsed time is 0.660 seconds.
Loading raw data to the database
Loading 'systemcollector-11047-enrique-Aspire-A515-54G.sc' file
Loading '11047-11060.0.trace' file
Loading 'userapicollector-11060-8fb524ec.trace' file
Updating precomputed scalar metrics
Raw data has been loaded to the database, elapsed time is 0.334 seconds.
Processing profile metrics and debug information
Processing GPU time information
Data transformations have been finished, elapsed time is 0.004 seconds.
Setting data model parameters
Resolving module symbols
Resolving information for `ejecutable'
Resolving information for `libittnotify_collector.so'
Resolving information for `libc.so.6'
Warning: Cannot locate debugging information for file `/home/enrique/intel/oneapi/advisor/2022.3.0/lib64/runtime/libittnotify_collector.so'.
Resolving bottom user stack information
Resolving thread name information
Resolving call target names for dynamic code
Symbol resolution has been finished, elapsed time is 1.271 seconds.
Processing profile metrics and debug information
Processing GPU time information
Deferred data transformations have been finished, elapsed time is 0.018 seconds.
Setting data model parameters
Data model parameters have been set, elapsed time is 0.046 seconds.
Precomputing frequently used data
Precomputing frequently used data
Updating precomputed scalar metrics
Precomputing frequently used data has been finished, elapsed time is 0.030 seconds.
Discarding redundant overtime data
Saving the result
Redundant overtime data has been discarded, elapsed time is 0.002 seconds.
Raw collector data has been discarded, elapsed time is 0.000 seconds.
Finalizing the result took 2.439 seconds.
Resolving module symbols
Resolving information for dangling locations
Resolving bottom user stack information
Resolving thread name information
Resolving call target names for dynamic code
Precomputing frequently used data
Saving the result
Building program model
Building program model
Saving program model
Caching program model
Preparing data for efficient display
Preparing data for efficient display
