<?xml version="1.0" encoding="utf-8"?>
<log version="1.0" tool="runtool">

<msg id="1" tool="runtool">
  <type>log-start</type>
  <arg>2022/11/24 00:38:59</arg>
</msg>
<msg id="2" tool="runtool">
  <type>collector-starts</type>
</msg>
<msg id="3" tool="runtool">
  <type>marker-file</type>
  <arg>/home/enrique/intel/advixe/projects/lab4Tarea2/e000/trc001/trc001.advixe</arg>
</msg>
<msg id="4" tool="trc">
  <type>PROCESS_START</type>
  <arg>/home/enrique/Desktop/lab4-bc-enriquealbalateprieto/results/task2/ejecutable</arg>
  <arg>9529</arg>
  <severity>INFO</severity>
  <timestamp>Thu Nov 24 00:38:59 2022</timestamp>
</msg>
<msg id="5" tool="trc">
  <type>PROCESS_ANALYSIS_MODE</type>
  <arg>full</arg>
  <severity>INFO</severity>
  <timestamp>Thu Nov 24 00:38:59 2022</timestamp>
</msg>
<msg id="6" tool="trc">
  <type>LOAD_MODULE</type>
  <arg>/home/enrique/Desktop/lab4-bc-enriquealbalateprieto/results/task2/ejecutable</arg>
  <arg>0x55c936a90000</arg>
  <arg>0x55c936a94247</arg>
  <arg>yes</arg>
  <severity>INFO</severity>
  <timestamp>Thu Nov 24 00:38:59 2022</timestamp>
</msg>
<msg id="7" tool="trc">
  <type>LOAD_MODULE</type>
  <arg>/lib64/ld-linux-x86-64.so.2</arg>
  <arg>0x7fdd4664e000</arg>
  <arg>0x7fdd4667d18f</arg>
  <arg>no</arg>
  <severity>INFO</severity>
  <timestamp>Thu Nov 24 00:38:59 2022</timestamp>
</msg>
<msg id="8" tool="trc">
  <type>LOAD_MODULE</type>
  <arg>[vdso]</arg>
  <arg>0x7ffc7c1ac000</arg>
  <arg>0x7ffc7c1ad0eb</arg>
  <arg>no</arg>
  <severity>INFO</severity>
  <timestamp>Thu Nov 24 00:38:59 2022</timestamp>
</msg>
<msg id="9" tool="trc">
  <type>LOAD_MODULE</type>
  <arg>/lib/x86_64-linux-gnu/libgomp.so.1</arg>
  <arg>0x7fdd301d0000</arg>
  <arg>0x7fdd3021192f</arg>
  <arg>no</arg>
  <severity>INFO</severity>
  <timestamp>Thu Nov 24 00:38:59 2022</timestamp>
</msg>
<msg id="10" tool="trc">
  <type>LOAD_MODULE</type>
  <arg>/lib/x86_64-linux-gnu/libdl.so.2</arg>
  <arg>0x7fdd3015b000</arg>
  <arg>0x7fdd3016010f</arg>
  <arg>no</arg>
  <severity>INFO</severity>
  <timestamp>Thu Nov 24 00:38:59 2022</timestamp>
</msg>
<msg id="11" tool="trc">
  <type>LOAD_MODULE</type>
  <arg>/lib/x86_64-linux-gnu/libstdc++.so.6</arg>
  <arg>0x7fdd2ff61000</arg>
  <arg>0x7fdd301427ff</arg>
  <arg>no</arg>
  <severity>INFO</severity>
  <timestamp>Thu Nov 24 00:38:59 2022</timestamp>
</msg>
<msg id="12" tool="trc">
  <type>LOAD_MODULE</type>
  <arg>/lib/x86_64-linux-gnu/libm.so.6</arg>
  <arg>0x7fdd2fdc9000</arg>
  <arg>0x7fdd2ff1710f</arg>
  <arg>no</arg>
  <severity>INFO</severity>
  <timestamp>Thu Nov 24 00:38:59 2022</timestamp>
</msg>
<msg id="13" tool="trc">
  <type>LOAD_MODULE</type>
  <arg>/lib/x86_64-linux-gnu/libc.so.6</arg>
  <arg>0x7fdd2fbb5000</arg>
  <arg>0x7fdd2fda64d7</arg>
  <arg>no</arg>
  <severity>INFO</severity>
  <timestamp>Thu Nov 24 00:38:59 2022</timestamp>
</msg>
<msg id="14" tool="trc">
  <type>LOAD_MODULE</type>
  <arg>/lib/x86_64-linux-gnu/libpthread.so.0</arg>
  <arg>0x7fdd2fb82000</arg>
  <arg>0x7fdd2fba4477</arg>
  <arg>yes</arg>
  <severity>INFO</severity>
  <timestamp>Thu Nov 24 00:38:59 2022</timestamp>
</msg>
<msg id="15" tool="trc">
  <type>LOAD_MODULE</type>
  <arg>/lib/x86_64-linux-gnu/libgcc_s.so.1</arg>
  <arg>0x7fdd2fb67000</arg>
  <arg>0x7fdd2fb81447</arg>
  <arg>no</arg>
  <severity>INFO</severity>
  <timestamp>Thu Nov 24 00:38:59 2022</timestamp>
</msg>
<msg id="16" tool="trc">
  <type>LOAD_MODULE</type>
  <arg>/home/enrique/intel/oneapi/advisor/2022.3.0/lib64/runtime/libittnotify.so</arg>
  <arg>0x7fdd2d802000</arg>
  <arg>0x7fdd2da0e65f</arg>
  <arg>no</arg>
  <severity>INFO</severity>
  <timestamp>Thu Nov 24 00:39:00 2022</timestamp>
</msg>
<msg id="17" tool="trc">
  <type>UNLOAD_MODULE</type>
  <arg>/home/enrique/Desktop/lab4-bc-enriquealbalateprieto/results/task2/ejecutable</arg>
  <severity>INFO</severity>
  <timestamp>Thu Nov 24 00:39:00 2022</timestamp>
</msg>
<msg id="18" tool="trc">
  <type>UNLOAD_MODULE</type>
  <arg>/lib64/ld-linux-x86-64.so.2</arg>
  <severity>INFO</severity>
  <timestamp>Thu Nov 24 00:39:00 2022</timestamp>
</msg>
<msg id="19" tool="trc">
  <type>UNLOAD_MODULE</type>
  <arg>[vdso]</arg>
  <severity>INFO</severity>
  <timestamp>Thu Nov 24 00:39:00 2022</timestamp>
</msg>
<msg id="20" tool="trc">
  <type>UNLOAD_MODULE</type>
  <arg>/lib/x86_64-linux-gnu/libgomp.so.1</arg>
  <severity>INFO</severity>
  <timestamp>Thu Nov 24 00:39:00 2022</timestamp>
</msg>
<msg id="21" tool="trc">
  <type>UNLOAD_MODULE</type>
  <arg>/lib/x86_64-linux-gnu/libdl.so.2</arg>
  <severity>INFO</severity>
  <timestamp>Thu Nov 24 00:39:00 2022</timestamp>
</msg>
<msg id="22" tool="trc">
  <type>UNLOAD_MODULE</type>
  <arg>/lib/x86_64-linux-gnu/libstdc++.so.6</arg>
  <severity>INFO</severity>
  <timestamp>Thu Nov 24 00:39:00 2022</timestamp>
</msg>
<msg id="23" tool="trc">
  <type>UNLOAD_MODULE</type>
  <arg>/lib/x86_64-linux-gnu/libm.so.6</arg>
  <severity>INFO</severity>
  <timestamp>Thu Nov 24 00:39:00 2022</timestamp>
</msg>
<msg id="24" tool="trc">
  <type>UNLOAD_MODULE</type>
  <arg>/lib/x86_64-linux-gnu/libc.so.6</arg>
  <severity>INFO</severity>
  <timestamp>Thu Nov 24 00:39:00 2022</timestamp>
</msg>
<msg id="25" tool="trc">
  <type>UNLOAD_MODULE</type>
  <arg>/lib/x86_64-linux-gnu/libpthread.so.0</arg>
  <severity>INFO</severity>
  <timestamp>Thu Nov 24 00:39:00 2022</timestamp>
</msg>
<msg id="26" tool="trc">
  <type>UNLOAD_MODULE</type>
  <arg>/lib/x86_64-linux-gnu/libgcc_s.so.1</arg>
  <severity>INFO</severity>
  <timestamp>Thu Nov 24 00:39:00 2022</timestamp>
</msg>
<msg id="27" tool="trc">
  <type>UNLOAD_MODULE</type>
  <arg>/home/enrique/intel/oneapi/advisor/2022.3.0/lib64/runtime/libittnotify.so</arg>
  <severity>INFO</severity>
  <timestamp>Thu Nov 24 00:39:00 2022</timestamp>
</msg>
<msg id="28" tool="trc">
  <type>PROCESS_FINISH</type>
  <arg>/home/enrique/Desktop/lab4-bc-enriquealbalateprieto/results/task2/ejecutable</arg>
  <arg>9529</arg>
  <arg>0x0</arg>
  <severity>INFO</severity>
  <timestamp>Thu Nov 24 00:39:00 2022</timestamp>
</msg>
<msg id="29" tool="runtool">
  <type>app-exit-code</type>
  <arg>0</arg>
</msg>
<msg id="30" tool="runtool">
  <type>marker-file</type>
  <arg>/home/enrique/intel/advixe/projects/lab4Tarea2/e000/trc001/trc001.advixe</arg>
</msg>
<msg id="31" tool="runtool">
  <type>collector-done</type>
</msg>
<msg id="32" tool="runtool">
  <type>log-end</type>
  <arg>2022/11/24 00:39:03</arg>
</msg>

</log>

