<?xml version="1.0" encoding="utf-8" ?>
<!-- DO NOT EDIT THIS FILE -->

<log version='2.0' source='trc'>
	<msg id='1' display='false' source='trc'>
		<type>PROCESS_START</type>
		<severity>INFO</severity>
		<timestamp>Thu Nov 24 00:38:59 2022</timestamp>
		<arg name='process'>/home/enrique/Desktop/lab4-bc-enriquealbalateprieto/results/task2/ejecutable</arg>
		<arg name='pid'>9529</arg>
	</msg>
	<!-- Instrumentation filter's state:
    Patterns applicability:
        Generic loop pattern.....................: enabled
        Generic loop pattern (with dynamic jumps): enabled
        Known trip value loop pattern............: enabled
        Runtime final value loop pattern.........: enabled
        No initial IV loop pattern...............: enabled
        IV step only loop pattern................: enabled
        No entry loop pattern....................: enabled
    Clustered memory model (CMM) applicability:
        Generic loop pattern.....................: enabled
        Generic loop pattern (with dynamic jumps): enabled
        Known trip value loop pattern............: enabled
        Runtime final value loop pattern.........: enabled
        No initial IV loop pattern...............: enabled
        IV step only loop pattern................: enabled
        No entry loop pattern....................: disabled
 -->
	<!-- Callstack mode:
    filter modules.........: true
    filter routines........: true
    count loops............: false
    count flops............: false
    trace..................: false
    extended trace.........: false
    omp trace..............: false
    jit trace..............: false
    failures trace.........: false
    dump raw...............: false
    dump final.............: false
    dump all...............: false
    stack stitching........: true
    stl profiling..........: true
    aggressive frame switch: true
    unwind frame exit......: true
    analyze child loops....: true
 -->
	<!-- Managed application profiling: -->
	<!-- 	State...................: enabled -->
	<!-- Gpu Profiling: -->
	<!-- 	State: disabled -->
	<msg id='2' display='false' source='trc'>
		<type>PROCESS_ANALYSIS_MODE</type>
		<severity>INFO</severity>
		<timestamp>Thu Nov 24 00:38:59 2022</timestamp>
		<arg name='mode'>full</arg>
	</msg>
	<!-- Update image info for [1:0x55C936A90000:YN] /home/enrique/Desktop/lab4-bc-enriquealbalateprieto/results/task2/ejecutable -->
	<msg id='3' display='false' source='trc'>
		<type>LOAD_MODULE</type>
		<severity>INFO</severity>
		<timestamp>Thu Nov 24 00:38:59 2022</timestamp>
		<arg name='module'>/home/enrique/Desktop/lab4-bc-enriquealbalateprieto/results/task2/ejecutable</arg>
		<arg name='basement'>0x55c936a90000</arg>
		<arg name='ceiling'>0x55c936a94247</arg>
		<arg name='symtab'>yes</arg>
	</msg>
	<!-- Instrumenting image: id = 1, name = /home/enrique/Desktop/lab4-bc-enriquealbalateprieto/results/task2/ejecutable -->
	<!-- Instrumenting loops in routine "main" -->
	<!-- Update image info for [2:0x7FDD4664E000:NN] /lib64/ld-linux-x86-64.so.2 -->
	<msg id='4' display='false' source='trc'>
		<type>LOAD_MODULE</type>
		<severity>INFO</severity>
		<timestamp>Thu Nov 24 00:38:59 2022</timestamp>
		<arg name='module'>/lib64/ld-linux-x86-64.so.2</arg>
		<arg name='basement'>0x7fdd4664e000</arg>
		<arg name='ceiling'>0x7fdd4667d18f</arg>
		<arg name='symtab'>no</arg>
	</msg>
	<!-- Instrumentation of /lib64/ld-linux-x86-64.so.2 image skipped because of filter conditions [cs-mode]. -->
	<!-- Update image info for [3:0x7FFC7C1AC000:NN] [vdso] -->
	<msg id='5' display='false' source='trc'>
		<type>LOAD_MODULE</type>
		<severity>INFO</severity>
		<timestamp>Thu Nov 24 00:38:59 2022</timestamp>
		<arg name='module'>[vdso]</arg>
		<arg name='basement'>0x7ffc7c1ac000</arg>
		<arg name='ceiling'>0x7ffc7c1ad0eb</arg>
		<arg name='symtab'>no</arg>
	</msg>
	<!-- Instrumentation of [vdso] image skipped because of filter conditions [cs-mode]. -->
	<!-- Update image info for [4:0x7FDD301D0000:NN] /lib/x86_64-linux-gnu/libgomp.so.1 -->
	<msg id='6' display='false' source='trc'>
		<type>LOAD_MODULE</type>
		<severity>INFO</severity>
		<timestamp>Thu Nov 24 00:38:59 2022</timestamp>
		<arg name='module'>/lib/x86_64-linux-gnu/libgomp.so.1</arg>
		<arg name='basement'>0x7fdd301d0000</arg>
		<arg name='ceiling'>0x7fdd3021192f</arg>
		<arg name='symtab'>no</arg>
	</msg>
	<!-- Instrumentation of /lib/x86_64-linux-gnu/libgomp.so.1 image skipped because of filter conditions [cs-mode]. -->
	<!-- Update image info for [5:0x7FDD3015B000:NN] /lib/x86_64-linux-gnu/libdl.so.2 -->
	<msg id='7' display='false' source='trc'>
		<type>LOAD_MODULE</type>
		<severity>INFO</severity>
		<timestamp>Thu Nov 24 00:38:59 2022</timestamp>
		<arg name='module'>/lib/x86_64-linux-gnu/libdl.so.2</arg>
		<arg name='basement'>0x7fdd3015b000</arg>
		<arg name='ceiling'>0x7fdd3016010f</arg>
		<arg name='symtab'>no</arg>
	</msg>
	<!-- Instrumentation of /lib/x86_64-linux-gnu/libdl.so.2 image skipped because of filter conditions [cs-mode]. -->
	<!-- Update image info for [6:0x7FDD2FF61000:NN] /lib/x86_64-linux-gnu/libstdc++.so.6 -->
	<msg id='8' display='false' source='trc'>
		<type>LOAD_MODULE</type>
		<severity>INFO</severity>
		<timestamp>Thu Nov 24 00:38:59 2022</timestamp>
		<arg name='module'>/lib/x86_64-linux-gnu/libstdc++.so.6</arg>
		<arg name='basement'>0x7fdd2ff61000</arg>
		<arg name='ceiling'>0x7fdd301427ff</arg>
		<arg name='symtab'>no</arg>
	</msg>
	<!-- Instrumentation of /lib/x86_64-linux-gnu/libstdc++.so.6 image skipped because of filter conditions [cs-mode]. -->
	<!-- Update image info for [7:0x7FDD2FDC9000:NN] /lib/x86_64-linux-gnu/libm.so.6 -->
	<msg id='9' display='false' source='trc'>
		<type>LOAD_MODULE</type>
		<severity>INFO</severity>
		<timestamp>Thu Nov 24 00:38:59 2022</timestamp>
		<arg name='module'>/lib/x86_64-linux-gnu/libm.so.6</arg>
		<arg name='basement'>0x7fdd2fdc9000</arg>
		<arg name='ceiling'>0x7fdd2ff1710f</arg>
		<arg name='symtab'>no</arg>
	</msg>
	<!-- Instrumentation of /lib/x86_64-linux-gnu/libm.so.6 image skipped because of filter conditions [cs-mode]. -->
	<!-- Update image info for [8:0x7FDD2FBB5000:NN] /lib/x86_64-linux-gnu/libc.so.6 -->
	<msg id='10' display='false' source='trc'>
		<type>LOAD_MODULE</type>
		<severity>INFO</severity>
		<timestamp>Thu Nov 24 00:38:59 2022</timestamp>
		<arg name='module'>/lib/x86_64-linux-gnu/libc.so.6</arg>
		<arg name='basement'>0x7fdd2fbb5000</arg>
		<arg name='ceiling'>0x7fdd2fda64d7</arg>
		<arg name='symtab'>no</arg>
	</msg>
	<!-- Instrumentation of /lib/x86_64-linux-gnu/libc.so.6 image skipped because of filter conditions. -->
	<!-- Update image info for [9:0x7FDD2FB82000:YN] /lib/x86_64-linux-gnu/libpthread.so.0 -->
	<msg id='11' display='false' source='trc'>
		<type>LOAD_MODULE</type>
		<severity>INFO</severity>
		<timestamp>Thu Nov 24 00:38:59 2022</timestamp>
		<arg name='module'>/lib/x86_64-linux-gnu/libpthread.so.0</arg>
		<arg name='basement'>0x7fdd2fb82000</arg>
		<arg name='ceiling'>0x7fdd2fba4477</arg>
		<arg name='symtab'>yes</arg>
	</msg>
	<!-- Instrumentation of /lib/x86_64-linux-gnu/libpthread.so.0 image skipped because of filter conditions [cs-mode]. -->
	<!-- Update image info for [10:0x7FDD2FB67000:NN] /lib/x86_64-linux-gnu/libgcc_s.so.1 -->
	<msg id='12' display='false' source='trc'>
		<type>LOAD_MODULE</type>
		<severity>INFO</severity>
		<timestamp>Thu Nov 24 00:38:59 2022</timestamp>
		<arg name='module'>/lib/x86_64-linux-gnu/libgcc_s.so.1</arg>
		<arg name='basement'>0x7fdd2fb67000</arg>
		<arg name='ceiling'>0x7fdd2fb81447</arg>
		<arg name='symtab'>no</arg>
	</msg>
	<!-- Instrumentation of /lib/x86_64-linux-gnu/libgcc_s.so.1 image skipped because of filter conditions [cs-mode]. -->
	<!-- Update image info for [11:0x7FDD2D802000:NN] /home/enrique/intel/oneapi/advisor/2022.3.0/lib64/runtime/libittnotify.so -->
	<msg id='13' display='false' source='trc'>
		<type>LOAD_MODULE</type>
		<severity>INFO</severity>
		<timestamp>Thu Nov 24 00:39:00 2022</timestamp>
		<arg name='module'>/home/enrique/intel/oneapi/advisor/2022.3.0/lib64/runtime/libittnotify.so</arg>
		<arg name='basement'>0x7fdd2d802000</arg>
		<arg name='ceiling'>0x7fdd2da0e65f</arg>
		<arg name='symtab'>no</arg>
	</msg>
	<!-- __itt_pause was instrumented -->
	<!-- __itt_resume was instrumented -->
	<!-- __itt_metadata_add was instrumented -->
	<!-- Instrumentation of /home/enrique/intel/oneapi/advisor/2022.3.0/lib64/runtime/libittnotify.so image skipped because of filter conditions [cs-mode]. -->
	<msg id='14' display='false' source='trc'>
		<type>UNLOAD_MODULE</type>
		<severity>INFO</severity>
		<timestamp>Thu Nov 24 00:39:00 2022</timestamp>
		<arg name='module'>/home/enrique/Desktop/lab4-bc-enriquealbalateprieto/results/task2/ejecutable</arg>
	</msg>
	<msg id='15' display='false' source='trc'>
		<type>UNLOAD_MODULE</type>
		<severity>INFO</severity>
		<timestamp>Thu Nov 24 00:39:00 2022</timestamp>
		<arg name='module'>/lib64/ld-linux-x86-64.so.2</arg>
	</msg>
	<msg id='16' display='false' source='trc'>
		<type>UNLOAD_MODULE</type>
		<severity>INFO</severity>
		<timestamp>Thu Nov 24 00:39:00 2022</timestamp>
		<arg name='module'>[vdso]</arg>
	</msg>
	<msg id='17' display='false' source='trc'>
		<type>UNLOAD_MODULE</type>
		<severity>INFO</severity>
		<timestamp>Thu Nov 24 00:39:00 2022</timestamp>
		<arg name='module'>/lib/x86_64-linux-gnu/libgomp.so.1</arg>
	</msg>
	<msg id='18' display='false' source='trc'>
		<type>UNLOAD_MODULE</type>
		<severity>INFO</severity>
		<timestamp>Thu Nov 24 00:39:00 2022</timestamp>
		<arg name='module'>/lib/x86_64-linux-gnu/libdl.so.2</arg>
	</msg>
	<msg id='19' display='false' source='trc'>
		<type>UNLOAD_MODULE</type>
		<severity>INFO</severity>
		<timestamp>Thu Nov 24 00:39:00 2022</timestamp>
		<arg name='module'>/lib/x86_64-linux-gnu/libstdc++.so.6</arg>
	</msg>
	<msg id='20' display='false' source='trc'>
		<type>UNLOAD_MODULE</type>
		<severity>INFO</severity>
		<timestamp>Thu Nov 24 00:39:00 2022</timestamp>
		<arg name='module'>/lib/x86_64-linux-gnu/libm.so.6</arg>
	</msg>
	<msg id='21' display='false' source='trc'>
		<type>UNLOAD_MODULE</type>
		<severity>INFO</severity>
		<timestamp>Thu Nov 24 00:39:00 2022</timestamp>
		<arg name='module'>/lib/x86_64-linux-gnu/libc.so.6</arg>
	</msg>
	<msg id='22' display='false' source='trc'>
		<type>UNLOAD_MODULE</type>
		<severity>INFO</severity>
		<timestamp>Thu Nov 24 00:39:00 2022</timestamp>
		<arg name='module'>/lib/x86_64-linux-gnu/libpthread.so.0</arg>
	</msg>
	<msg id='23' display='false' source='trc'>
		<type>UNLOAD_MODULE</type>
		<severity>INFO</severity>
		<timestamp>Thu Nov 24 00:39:00 2022</timestamp>
		<arg name='module'>/lib/x86_64-linux-gnu/libgcc_s.so.1</arg>
	</msg>
	<msg id='24' display='false' source='trc'>
		<type>UNLOAD_MODULE</type>
		<severity>INFO</severity>
		<timestamp>Thu Nov 24 00:39:00 2022</timestamp>
		<arg name='module'>/home/enrique/intel/oneapi/advisor/2022.3.0/lib64/runtime/libittnotify.so</arg>
	</msg>
	<msg id='25' display='false' source='trc'>
		<type>PROCESS_FINISH</type>
		<severity>INFO</severity>
		<timestamp>Thu Nov 24 00:39:00 2022</timestamp>
		<arg name='process'>/home/enrique/Desktop/lab4-bc-enriquealbalateprieto/results/task2/ejecutable</arg>
		<arg name='pid'>9529</arg>
		<arg name='exitcode'>0x0</arg>
	</msg>
	<!-- Application exited with code 0 -->
</log>