Collection status has changed. 1
Collection has been started.
Collection has stopped. Application exit code:  0
Finalizing results
Finalizing the result
Clearing the database
The database has been cleared, elapsed time is 0.308 seconds.
Loading raw data to the database
Loading 'systemcollector-9456-enrique-Aspire-A515-54G.sc' file
Loading '9456-9469.0.trace' file
Loading 'userapicollector-9469-f6dc3ac6.trace' file
Loading 'tripcounts_9253_0.tcs' file
Error: Cannot load data file `/home/enrique/intel/advixe/projects/lab4Tarea2/e000/hs006/data.1/advixe-runtrc.txt' ().
Updating precomputed scalar metrics
Raw data has been loaded to the database, elapsed time is 0.108 seconds.
Processing profile metrics and debug information
Data transformations have been finished, elapsed time is 0.002 seconds.
Setting data model parameters
Resolving module symbols
Resolving information for `ejecutable'
Resolving information for `libm.so.6'
Resolving information for `libc.so.6'
Resolving bottom user stack information
Resolving thread name information
Resolving call target names for dynamic code
Symbol resolution has been finished, elapsed time is 0.631 seconds.
Processing profile metrics and debug information
Deferred data transformations have been finished, elapsed time is 0.005 seconds.
Setting data model parameters
Data model parameters have been set, elapsed time is 0.018 seconds.
Precomputing frequently used data
Precomputing frequently used data
Updating precomputed scalar metrics
Precomputing frequently used data has been finished, elapsed time is 0.028 seconds.
Discarding redundant overtime data
Saving the result
Redundant overtime data has been discarded, elapsed time is 0.002 seconds.
Raw collector data has been discarded, elapsed time is 0.000 seconds.
Finalizing the result took 1.144 seconds.
Preparing data for display of survey call tree
Resolving module symbols
Resolving information for dangling locations
Resolving bottom user stack information
Resolving thread name information
Resolving call target names for dynamic code
Precomputing frequently used data
